2021-01-26 14:37:38.988 - INFO - 5278 - azureml.train.automl.automlconfig._start_execution:208 - Submitting remote.
2021-01-26 15:28:14.065 - INFO - 5278 - azureml.train.automl.run._log_activity:54 - ActivityStarted: GetOutput
2021-01-26 15:28:14.087 - INFO - 5278 - azureml.train.automl.run._log_activity:54 - ActivityStarted: GetOutput
2021-01-26 15:28:14.109 - INFO - 5278 - azureml.train.automl.run._log_activity:54 - ActivityStarted: GetChildren
2021-01-26 15:28:14.239 - INFO - 5278 - azureml.train.automl.run._log_activity:92 - ActivityCompleted: Activity=GetChildren, HowEnded=Success, Duration=130.16[ms]
2021-01-26 15:28:14.240 - INFO - 5278 - azureml.train.automl.run._log_activity:92 - ActivityCompleted: Activity=GetOutput, HowEnded=Success, Duration=152.1[ms]
2021-01-26 15:28:14.249 - INFO - 5278 - azureml.train.automl._model_download_utilities._log_activity:54 - ActivityStarted: DownloadModel
2021-01-26 15:28:29.197 - INFO - 5278 - azureml.automl.runtime.distributed.utilities.horovod_initialized:58 - Horovod not found in current environment. Distribution via Horovod will be disabled.
2021-01-26 15:28:32.764 - INFO - 5278 - azureml.automl.runtime.featurization.data_transformer.__init__:184 - Feature sweeping enabled: False
2021-01-26 15:28:32.764 - INFO - 5278 - azureml.automl.runtime.featurization.data_transformer.__init__:185 - Feature sweeping timeout: 86400
2021-01-26 15:28:35.006 - INFO - 5278 - azureml.train.automl._model_download_utilities._log_activity:92 - ActivityCompleted: Activity=DownloadModel, HowEnded=Success, Duration=20757.03[ms]
2021-01-26 15:28:35.006 - INFO - 5278 - azureml.train.automl.run._log_activity:92 - ActivityCompleted: Activity=GetOutput, HowEnded=Success, Duration=20941.42[ms]
2021-01-26 15:29:07.501 - INFO - 5278 - azureml.train.automl.run._log_activity:54 - ActivityStarted: GetOutput
2021-01-26 15:29:07.509 - INFO - 5278 - azureml.train.automl.run._log_activity:54 - ActivityStarted: GetOutput
2021-01-26 15:29:07.533 - INFO - 5278 - azureml.train.automl.run._log_activity:54 - ActivityStarted: GetChildren
2021-01-26 15:29:07.653 - INFO - 5278 - azureml.train.automl.run._log_activity:92 - ActivityCompleted: Activity=GetChildren, HowEnded=Success, Duration=120.23[ms]
2021-01-26 15:29:07.654 - INFO - 5278 - azureml.train.automl.run._log_activity:92 - ActivityCompleted: Activity=GetOutput, HowEnded=Success, Duration=144.47[ms]
2021-01-26 15:29:07.664 - INFO - 5278 - azureml.train.automl._model_download_utilities._log_activity:54 - ActivityStarted: DownloadModel
2021-01-26 15:29:08.050 - INFO - 5278 - azureml.automl.runtime.featurization.data_transformer.__init__:184 - Feature sweeping enabled: False
2021-01-26 15:29:08.050 - INFO - 5278 - azureml.automl.runtime.featurization.data_transformer.__init__:185 - Feature sweeping timeout: 86400
2021-01-26 15:29:08.070 - INFO - 5278 - azureml.train.automl._model_download_utilities._log_activity:92 - ActivityCompleted: Activity=DownloadModel, HowEnded=Success, Duration=405.6[ms]
2021-01-26 15:29:08.070 - INFO - 5278 - azureml.train.automl.run._log_activity:92 - ActivityCompleted: Activity=GetOutput, HowEnded=Success, Duration=569.3[ms]
2021-01-26 15:32:44.728 - INFO - 5278 - azureml.train.automl.run._log_activity:54 - ActivityStarted: RegisterModel
2021-01-26 15:32:44.745 - INFO - 5278 - azureml.train.automl.run._log_activity:54 - ActivityStarted: GetChildren
2021-01-26 15:32:44.884 - INFO - 5278 - azureml.train.automl.run._log_activity:92 - ActivityCompleted: Activity=GetChildren, HowEnded=Success, Duration=139.42[ms]
2021-01-26 15:32:45.443 - INFO - 5278 - azureml.train.automl.run._log_activity:92 - ActivityCompleted: Activity=RegisterModel, HowEnded=Success, Duration=714.98[ms]
